<?xml version="1.0" encoding="UTF-8"?>
<!-- Generated by org.testng.reporters.JUnitReportReporter -->
<testsuite hostname="DESKTOP-FBTJVNC" failures="0" tests="6" name="com.employee_TestCases.TC_03_Post_EmployeeRecord" time="0.150" errors="0" timestamp="2023-02-13T03:03:03 IST" skipped="0">
  <testcase classname="com.employee_TestCases.TC_03_Post_EmployeeRecord" name="checkResponseTime" time="0.028"/>
  <system-out/>
  <testcase classname="com.employee_TestCases.TC_03_Post_EmployeeRecord" name="checkResponseBody" time="0.071"/>
  <system-out/>
  <testcase classname="com.employee_TestCases.TC_03_Post_EmployeeRecord" name="checkStatusCode" time="0.005"/>
  <system-out/>
  <testcase classname="com.employee_TestCases.TC_03_Post_EmployeeRecord" name="checkServerType" time="0.005"/>
  <system-out/>
  <testcase classname="com.employee_TestCases.TC_03_Post_EmployeeRecord" name="checkContentType" time="0.039"/>
  <system-out/>
  <testcase classname="com.employee_TestCases.TC_03_Post_EmployeeRecord" name="checkStatusLine" time="0.002"/>
  <system-out/>
</testsuite> <!-- com.employee_TestCases.TC_03_Post_EmployeeRecord -->
