<?xml version="1.0" encoding="UTF-8"?>
<!-- Generated by org.testng.reporters.JUnitReportReporter -->
<testsuite hostname="DESKTOP-FBTJVNC" failures="0" tests="6" name="com.employee_TestCases.TC_01_GetAll_Employees" time="0.145" errors="0" timestamp="2023-02-13T00:38:20 IST" skipped="0">
  <testcase classname="com.employee_TestCases.TC_01_GetAll_Employees" name="checkResponseBody" time="0.071"/>
  <system-out/>
  <testcase classname="com.employee_TestCases.TC_01_GetAll_Employees" name="checkStatusLine" time="0.004"/>
  <system-out/>
  <testcase classname="com.employee_TestCases.TC_01_GetAll_Employees" name="checkResponseTime" time="0.006"/>
  <system-out/>
  <testcase classname="com.employee_TestCases.TC_01_GetAll_Employees" name="checkServerType" time="0.005"/>
  <system-out/>
  <testcase classname="com.employee_TestCases.TC_01_GetAll_Employees" name="checkContentType" time="0.055"/>
  <system-out/>
  <testcase classname="com.employee_TestCases.TC_01_GetAll_Employees" name="checkStatusCode" time="0.004"/>
  <system-out/>
</testsuite> <!-- com.employee_TestCases.TC_01_GetAll_Employees -->
